<?xml version="1.0" encoding="UTF-8"?>
<!-- Generated by org.testng.reporters.JUnitReportReporter -->
<testsuite skipped="0" hostname="DESKTOP-3T60QJ2" name="Gmail.XLSXDatadriven" tests="1" failures="0" timestamp="2020-05-08T09:37:00 IST" time="25.646" errors="0">
  <testcase name="f" time="25.646" classname="Gmail.XLSXDatadriven"/>
</testsuite> <!-- Gmail.XLSXDatadriven -->
